--------------------------------------------------------------------------
WARNING: No preset parameters were found for the device that Open MPI
detected:

  Local host:            hopper00
  Device name:           mlx5_0
  Device vendor ID:      0x02c9
  Device vendor part ID: 4129

Default device parameters will be used, which may result in lower
performance.  You can edit any of the files specified by the
btl_openib_device_param_files MCA parameter to set values for your
device.

NOTE: You can turn off this warning by setting the MCA parameter
      btl_openib_warn_no_device_params_found to 0.
--------------------------------------------------------------------------
--------------------------------------------------------------------------
By default, for Open MPI 4.0 and later, infiniband ports on a device
are not used by default.  The intent is to use UCX for these devices.
You can override this policy by setting the btl_openib_allow_ib MCA parameter
to true.

  Local host:              hopper00
  Local adapter:           mlx5_0
  Local port:              1

--------------------------------------------------------------------------
--------------------------------------------------------------------------
WARNING: There was an error initializing an OpenFabrics device.

  Local host:   hopper00
  Local device: mlx5_0
--------------------------------------------------------------------------
Using memory pool. Initial size: 9.89746GB ;  Grow size: 9.89746GB.
NVIDIA H100 80GB HBM3
nx_glob, nz_glob: 800 400
dx,dz: 25.000000 25.000000
dt: 0.083333
*** OUTPUT ***
CPU Time: 57.1476 sec
d_mass: 0.000000e+00
d_te:   4.833360e-05
Pool Memory High Water Mark:       41310464
Pool Memory High Water Efficiency: 0.0038872
