
Clover Version    1.000
       MPI Version
    OpenMP Version
   Task Count      4
 Thread Count:    96


Clover Version    1.000
       MPI Version
    OpenMP Version
   Task Count      4
 Thread Count:    96

 Output file clover.out opened. All output will go there.
1 devices available in rank 1 - would use 0 - adding 0 - choosing 0
1 devices available in rank 2 - would use 0 - adding 0 - choosing 0
1 devices available in rank 0 - would use 0 - adding 0 - choosing 0
1 devices available in rank 3 - would use 0 - adding 0 - choosing 0
CUDA using NVIDIA H100 80GB HBM3
CUDA using NVIDIA H100 80GB HBM3
CUDA using NVIDIA H100 80GB HBM3
CUDA using NVIDIA H100 80GB HBM3
 Step     500 time   0.3655548 control    div      timestep   7.37E-04       1,    3842 x -6.51E-04 y  5.00E+00
 Wall clock    5.9019849300384521     
 Average time per cell    2.0012698466113458E-010
 Step time per cell       2.4380117085658840E-010
 Step    1000 time   0.7346257 control    div      timestep   7.39E-04       1,    3842 x -6.51E-04 y  5.00E+00
Test problem   5 is within   0.6456980E+02% of the expected solution
 This test is considered NOT PASSED
 Wall clock    11.802228927612305     
 First step overhead   2.4149417877197266E-003
