
Training Configuration:
  Model: resnet50
  Number of GPUs: 3
  Batch size: 2048
  Epochs: 3
  Learning rate: 0.001

Preparing data...

Creating model...
Available GPUs: 3
Using 3 GPU(s): [0, 1, 2]
Using RESNET50 model
Using DataParallel with GPUs: [0, 1, 2]

Starting training...
Epoch 1 Complete - Throughput: 9928.40 images/sec

Epoch 2 Complete - Throughput: 14922.83 images/sec

Epoch 3 Complete - Throughput: 14898.36 images/sec


Total training time (all epochs): 15.78 seconds
Total training time (excluding epoch 1): 9.22 seconds
Average train time per epoch (excluding epoch 1): 4.02 seconds
Average train throughput (excluding epoch 1): 14910.59 images/sec

============================================================
Training Complete!
============================================================
Final Train Accuracy: 99.07%
Final Test Accuracy: 98.41%
============================================================
